<?xml version="1.0" encoding="UTF-8" ?>
<testsuite tests="9" failures="0" name="TestCalcul.CalculatorTest" time="0.012" errors="0" skipped="0">
  <properties>
[...]
</properties>
  <testcase classname="TestCalcul.CalculatorTest" name="testMax" time="0.002"/>
  <testcase classname="TestCalcul.CalculatorTest" name="testMin" time="0"/>
  <testcase classname="TestCalcul.CalculatorTest" name="testSum" time="0"/>
  <testcase classname="TestCalcul.CalculatorTest" name="testMaxElement" time="0.002"/>
  <testcase classname="TestCalcul.CalculatorTest" name="testMinus" time="0"/>
  <testcase classname="TestCalcul.CalculatorTest" name="testMinElement" time="0"/>
  <testcase classname="TestCalcul.CalculatorTest" name="testDivide" time="0"/>
  <testcase classname="TestCalcul.CalculatorTest" name="testMultiply" time="0"/>
  <testcase classname="TestCalcul.CalculatorTest" name="testDivideWillThrowExceptionWhenDivideOnZero" time="0.008"/>
</testsuite>